  [1m[35m (5.2ms)[0m  [1m[35mCREATE DATABASE `ajax_app_rails7_development` DEFAULT CHARACTER SET `utf8mb4`[0m
  [1m[35m (1.2ms)[0m  [1m[35mCREATE DATABASE `ajax_app_rails7_test` DEFAULT CHARACTER SET `utf8mb4`[0m
  [1m[35m (66.3ms)[0m  [1m[35mCREATE TABLE `schema_migrations` (`version` varchar(255) NOT NULL PRIMARY KEY)[0m
  [1m[35m (27.6ms)[0m  [1m[35mCREATE TABLE `ar_internal_metadata` (`key` varchar(255) NOT NULL PRIMARY KEY, `value` varchar(255), `created_at` datetime(6) NOT NULL, `updated_at` datetime(6) NOT NULL)[0m
  [1m[35m (1.0ms)[0m  [1m[34mSELECT GET_LOCK('6239445868870334400', 0)[0m
  [1m[36mActiveRecord::SchemaMigration Pluck (5.9ms)[0m  [1m[34mSELECT `schema_migrations`.`version` FROM `schema_migrations` ORDER BY `schema_migrations`.`version` ASC[0m
Migrating to CreatePosts (20230602145100)
  [1m[35m (28.0ms)[0m  [1m[35mCREATE TABLE `posts` (`id` bigint NOT NULL AUTO_INCREMENT PRIMARY KEY, `content` text, `created_at` datetime(6) NOT NULL, `updated_at` datetime(6) NOT NULL)[0m
  [1m[36mTRANSACTION (0.4ms)[0m  [1m[35mBEGIN[0m
  [1m[36mActiveRecord::SchemaMigration Create (3.4ms)[0m  [1m[32mINSERT INTO `schema_migrations` (`version`) VALUES ('20230602145100')[0m
  [1m[36mTRANSACTION (0.8ms)[0m  [1m[35mCOMMIT[0m
  [1m[36mActiveRecord::InternalMetadata Load (3.1ms)[0m  [1m[34mSELECT `ar_internal_metadata`.* FROM `ar_internal_metadata` WHERE `ar_internal_metadata`.`key` = 'environment' LIMIT 1[0m
  [1m[36mTRANSACTION (0.2ms)[0m  [1m[35mBEGIN[0m
  [1m[36mActiveRecord::InternalMetadata Create (4.3ms)[0m  [1m[32mINSERT INTO `ar_internal_metadata` (`key`, `value`, `created_at`, `updated_at`) VALUES ('environment', 'development', '2024-05-19 05:37:32.007634', '2024-05-19 05:37:32.007634')[0m
  [1m[36mTRANSACTION (0.3ms)[0m  [1m[35mCOMMIT[0m
  [1m[35m (0.6ms)[0m  [1m[34mSELECT RELEASE_LOCK('6239445868870334400')[0m
  [1m[36mActiveRecord::SchemaMigration Pluck (0.5ms)[0m  [1m[34mSELECT `schema_migrations`.`version` FROM `schema_migrations` ORDER BY `schema_migrations`.`version` ASC[0m
Started GET "/" for ::1 at 2024-05-19 22:25:31 +0900
  [1m[36mActiveRecord::SchemaMigration Pluck (5.8ms)[0m  [1m[34mSELECT `schema_migrations`.`version` FROM `schema_migrations` ORDER BY `schema_migrations`.`version` ASC[0m
Processing by PostsController#index as HTML
  Rendering layout layouts/application.html.erb
  Rendering posts/index.html.erb within layouts/application
  [1m[36mPost Load (15.4ms)[0m  [1m[34mSELECT `posts`.* FROM `posts` ORDER BY `posts`.`id` DESC[0m
  ↳ app/views/posts/index.html.erb:10
  Rendered posts/index.html.erb within layouts/application (Duration: 28.1ms | Allocations: 2882)
  Rendered layout layouts/application.html.erb (Duration: 218.6ms | Allocations: 95421)
Completed 200 OK in 260ms (Views: 207.7ms | ActiveRecord: 35.3ms | Allocations: 103521)


